<?xml version="1.0" encoding="UTF-8"?>
<Site BuildName="Linux-c++"
	BuildStamp="20251210-0145-Experimental"
	Name="wander"
	Generator="ctest-3.31.6"
	CompilerName="/run/current-system/sw/bin/c++"
	CompilerVersion="15.1.0"
	OSName="Linux"
	Hostname="wander"
	OSRelease="6.12.51"
	OSVersion="#1-NixOS SMP PREEMPT_DYNAMIC Mon Oct  6 09:17:53 UTC 2025"
	OSPlatform="x86_64"
	Is64Bits="1"
	VendorString="GenuineIntel"
	VendorID="Intel Corporation"
	FamilyID="6"
	ModelID="154"
	ModelName="12th Gen Intel(R) Core(TM) i7-12700H"
	ProcessorCacheSize="24576"
	NumberOfLogicalCPU="20"
	NumberOfPhysicalCPU="14"
	TotalVirtualMemory="34956"
	TotalPhysicalMemory="31778"
	LogicalProcessorsPerPhysical="1"
	ProcessorClockFrequency="3692.59"
	>
	<Testing>
		<StartDateTime>Dec 10 15:59 PST</StartDateTime>
		<StartTestTime>1765411183</StartTestTime>
		<TestList/>
		<EndDateTime>Dec 10 15:59 PST</EndDateTime>
		<EndTestTime>1765411183</EndTestTime>
		<ElapsedMinutes>0</ElapsedMinutes>
	</Testing>
</Site>
